<?xml version="1.0" encoding="UTF-8"?>
<!-- Generated by org.testng.reporters.JUnitReportReporter -->
<testsuite name="com.OrangeHRM.DoubleClick_Example" tests="1" time="5.305" ignored="0" failures="0" timestamp="24 Feb 2021 05:57:18 GMT" skipped="0" hostname="HIBACL131408" errors="0">
  <testcase name="DragDrop" time="5.305" classname="com.OrangeHRM.DoubleClick_Example"/>
</testsuite> <!-- com.OrangeHRM.DoubleClick_Example -->
