<?xml version="1.0" encoding="UTF-8"?>
<!-- Generated by org.testng.reporters.JUnitReportReporter -->
<testsuite name="com.OrangeHRM.OrangeHRM_Login_Keys_Operation" tests="2" time="8.146" ignored="0" failures="0" timestamp="25 Feb 2021 04:22:29 GMT" skipped="0" hostname="HIBACL131408" errors="0">
  <testcase name="Login" time="4.643" classname="com.OrangeHRM.OrangeHRM_Login_Keys_Operation"/>
  <testcase name="Logout" time="3.503" classname="com.OrangeHRM.OrangeHRM_Login_Keys_Operation"/>
</testsuite> <!-- com.OrangeHRM.OrangeHRM_Login_Keys_Operation -->
