<?xml version="1.0" encoding="UTF-8"?>
<!-- Generated by org.testng.reporters.JUnitReportReporter -->
<testsuite name="com.OrangeHRM.OrangeHRM_MouseHover_Two_Layer" tests="1" time="20.521" ignored="0" failures="0" timestamp="22 Feb 2021 06:04:04 GMT" skipped="0" hostname="HIBACL131408" errors="0">
  <testcase name="Sign_On" time="20.521" classname="com.OrangeHRM.OrangeHRM_MouseHover_Two_Layer"/>
</testsuite> <!-- com.OrangeHRM.OrangeHRM_MouseHover_Two_Layer -->
