<?xml version="1.0" encoding="UTF-8"?>
<!-- Generated by org.testng.reporters.JUnitReportReporter -->
<testsuite name="com.OrangeHRM.OrangeHRM_NavigationCommand" tests="1" time="26.640" ignored="0" failures="0" timestamp="22 Feb 2021 07:03:29 GMT" skipped="0" hostname="HIBACL131408" errors="0">
  <testcase name="Sign_On" time="26.640" classname="com.OrangeHRM.OrangeHRM_NavigationCommand"/>
</testsuite> <!-- com.OrangeHRM.OrangeHRM_NavigationCommand -->
