<?xml version="1.0" encoding="UTF-8"?>
<!-- Generated by org.testng.reporters.JUnitReportReporter -->
<testsuite name="com.OrangeHRM.OrangeHRM_Login_Xpath_CSS_Example" tests="2" time="7.410" ignored="0" failures="0" timestamp="19 Feb 2021 06:34:33 GMT" skipped="0" hostname="HIBACL131408" errors="0">
  <testcase name="Logout" time="3.190" classname="com.OrangeHRM.OrangeHRM_Login_Xpath_CSS_Example"/>
  <testcase name="Login" time="4.220" classname="com.OrangeHRM.OrangeHRM_Login_Xpath_CSS_Example"/>
</testsuite> <!-- com.OrangeHRM.OrangeHRM_Login_Xpath_CSS_Example -->
