<?xml version="1.0" encoding="UTF-8"?>
<!-- Generated by org.testng.reporters.JUnitReportReporter -->
<testsuite name="com.OrangeHRM.OrangeHRM_Login_Implicit_Explicit_Wait" tests="2" time="6.105" ignored="0" failures="0" timestamp="19 Feb 2021 07:22:49 GMT" skipped="0" hostname="HIBACL131408" errors="0">
  <testcase name="Logout" time="1.556" classname="com.OrangeHRM.OrangeHRM_Login_Implicit_Explicit_Wait"/>
  <testcase name="Login" time="4.549" classname="com.OrangeHRM.OrangeHRM_Login_Implicit_Explicit_Wait"/>
</testsuite> <!-- com.OrangeHRM.OrangeHRM_Login_Implicit_Explicit_Wait -->
