<?xml version="1.0" encoding="UTF-8"?>
<!-- Generated by org.testng.reporters.JUnitReportReporter -->
<testsuite name="com.OrangeHRM.OrangeHRM_Login_TestNG" tests="2" time="8.000" ignored="0" failures="0" timestamp="19 Feb 2021 05:52:37 GMT" skipped="0" hostname="HIBACL131408" errors="0">
  <testcase name="Logout" time="3.300" classname="com.OrangeHRM.OrangeHRM_Login_TestNG"/>
  <testcase name="Login" time="4.700" classname="com.OrangeHRM.OrangeHRM_Login_TestNG"/>
</testsuite> <!-- com.OrangeHRM.OrangeHRM_Login_TestNG -->
