<?xml version="1.0" encoding="UTF-8"?>
<!-- Generated by org.testng.reporters.JUnitReportReporter -->
<testsuite name="com.OrangeHRM.OrangeHRM_Login_Headless_Browser" tests="2" time="7.632" ignored="0" failures="0" timestamp="19 Feb 2021 07:58:18 GMT" skipped="0" hostname="HIBACL131408" errors="0">
  <testcase name="Login" time="4.393" classname="com.OrangeHRM.OrangeHRM_Login_Headless_Browser"/>
  <testcase name="Logout" time="3.239" classname="com.OrangeHRM.OrangeHRM_Login_Headless_Browser"/>
</testsuite> <!-- com.OrangeHRM.OrangeHRM_Login_Headless_Browser -->
