<?xml version="1.0" encoding="UTF-8"?>
<!-- Generated by org.testng.reporters.JUnitReportReporter -->
<testsuite name="com.OrangeHRM.DragandDrop_Example" tests="1" time="8.508" ignored="0" failures="0" timestamp="24 Feb 2021 05:57:18 GMT" skipped="0" hostname="HIBACL131408" errors="0">
  <testcase name="DragDrop" time="8.508" classname="com.OrangeHRM.DragandDrop_Example"/>
</testsuite> <!-- com.OrangeHRM.DragandDrop_Example -->
