<?xml version="1.0" encoding="UTF-8"?>
<!-- Generated by org.testng.reporters.JUnitReportReporter -->
<testsuite name="com.OrangeHRM.Handling_JavaScriptAlert" tests="1" time="0.444" ignored="0" failures="0" timestamp="24 Feb 2021 05:57:18 GMT" skipped="0" hostname="HIBACL131408" errors="0">
  <testcase name="EnterCustomerID" time="0.444" classname="com.OrangeHRM.Handling_JavaScriptAlert"/>
</testsuite> <!-- com.OrangeHRM.Handling_JavaScriptAlert -->
